[17-Nov-2025 01:44:37 Europe/Berlin] Cart.php - Request received: POST
[17-Nov-2025 01:44:37 Europe/Berlin] Cart.php - Request body: {"action":"add","product_id":46,"quantity":1}
[17-Nov-2025 01:44:37 Europe/Berlin] JWT Auth - Token received: YES
[17-Nov-2025 01:44:37 Europe/Berlin] JWT Auth - Token validated successfully for user_id: 0
[17-Nov-2025 01:44:37 Europe/Berlin] Cart.php - Authenticated user_id: 0
[17-Nov-2025 01:44:37 Europe/Berlin] Cart.php - Action: add
[17-Nov-2025 01:44:37 Europe/Berlin] Cart.php - Data: {"action":"add","product_id":46,"quantity":1}
[17-Nov-2025 01:44:37 Europe/Berlin] Cart.php - Add action: product_id=46, quantity=1
[17-Nov-2025 01:44:37 Europe/Berlin] Cart.php - Checking if product already in cart for user 0
[17-Nov-2025 01:44:38 Europe/Berlin] Cart.php - Product already in cart, updating quantity
[17-Nov-2025 01:44:38 Europe/Berlin] Cart.php - Add action successful
[17-Nov-2025 01:44:38 Europe/Berlin] Cart.php - Request received: POST
[17-Nov-2025 01:44:38 Europe/Berlin] Cart.php - Request body: {"action":"add","product_id":46,"quantity":1}
[17-Nov-2025 01:44:38 Europe/Berlin] JWT Auth - Token received: YES
[17-Nov-2025 01:44:38 Europe/Berlin] JWT Auth - Token validated successfully for user_id: 0
[17-Nov-2025 01:44:38 Europe/Berlin] Cart.php - Authenticated user_id: 0
[17-Nov-2025 01:44:38 Europe/Berlin] Cart.php - Action: add
[17-Nov-2025 01:44:38 Europe/Berlin] Cart.php - Data: {"action":"add","product_id":46,"quantity":1}
[17-Nov-2025 01:44:38 Europe/Berlin] Cart.php - Add action: product_id=46, quantity=1
[17-Nov-2025 01:44:38 Europe/Berlin] Cart.php - Checking if product already in cart for user 0
[17-Nov-2025 01:44:38 Europe/Berlin] Cart.php - Product already in cart, updating quantity
[17-Nov-2025 01:44:38 Europe/Berlin] Cart.php - Add action successful
[17-Nov-2025 01:44:38 Europe/Berlin] Cart.php - Request received: POST
[17-Nov-2025 01:44:38 Europe/Berlin] Cart.php - Request body: {}
[17-Nov-2025 01:44:38 Europe/Berlin] JWT Auth - Token received: YES
[17-Nov-2025 01:44:38 Europe/Berlin] JWT Auth - Token validated successfully for user_id: 0
[17-Nov-2025 01:44:38 Europe/Berlin] Cart.php - Authenticated user_id: 0
[17-Nov-2025 01:44:38 Europe/Berlin] Cart.php - Action: list
[17-Nov-2025 01:44:38 Europe/Berlin] Cart.php - Data: []
[17-Nov-2025 01:44:38 Europe/Berlin] Cart.php - Request received: POST
[17-Nov-2025 01:44:38 Europe/Berlin] Cart.php - Request body: {}
[17-Nov-2025 01:44:38 Europe/Berlin] JWT Auth - Token received: YES
[17-Nov-2025 01:44:38 Europe/Berlin] JWT Auth - Token validated successfully for user_id: 0
[17-Nov-2025 01:44:38 Europe/Berlin] Cart.php - Authenticated user_id: 0
[17-Nov-2025 01:44:38 Europe/Berlin] Cart.php - Action: list
[17-Nov-2025 01:44:38 Europe/Berlin] Cart.php - Data: []
[17-Nov-2025 01:44:39 Europe/Berlin] Cart.php - Request received: POST
[17-Nov-2025 01:44:39 Europe/Berlin] Cart.php - Request body: {"action":"add","product_id":44,"quantity":1}
[17-Nov-2025 01:44:39 Europe/Berlin] JWT Auth - Token received: YES
[17-Nov-2025 01:44:39 Europe/Berlin] JWT Auth - Token validated successfully for user_id: 0
[17-Nov-2025 01:44:39 Europe/Berlin] Cart.php - Authenticated user_id: 0
[17-Nov-2025 01:44:39 Europe/Berlin] Cart.php - Action: add
[17-Nov-2025 01:44:39 Europe/Berlin] Cart.php - Data: {"action":"add","product_id":44,"quantity":1}
[17-Nov-2025 01:44:39 Europe/Berlin] Cart.php - Add action: product_id=44, quantity=1
[17-Nov-2025 01:44:39 Europe/Berlin] Cart.php - Checking if product already in cart for user 0
[17-Nov-2025 01:44:39 Europe/Berlin] Cart.php - Adding new product to cart
[17-Nov-2025 01:44:39 Europe/Berlin] Cart.php - Add action successful
[17-Nov-2025 01:44:39 Europe/Berlin] Cart.php - Request received: POST
[17-Nov-2025 01:44:39 Europe/Berlin] Cart.php - Request body: {}
[17-Nov-2025 01:44:39 Europe/Berlin] JWT Auth - Token received: YES
[17-Nov-2025 01:44:39 Europe/Berlin] JWT Auth - Token validated successfully for user_id: 0
[17-Nov-2025 01:44:39 Europe/Berlin] Cart.php - Authenticated user_id: 0
[17-Nov-2025 01:44:39 Europe/Berlin] Cart.php - Action: list
[17-Nov-2025 01:44:39 Europe/Berlin] Cart.php - Data: []
[17-Nov-2025 01:47:08 Europe/Berlin] Cart.php - Request received: POST
[17-Nov-2025 01:47:08 Europe/Berlin] Cart.php - Request body: {"action":"add","product_id":42,"quantity":1}
[17-Nov-2025 01:47:08 Europe/Berlin] JWT Auth - Token received: YES
[17-Nov-2025 01:47:08 Europe/Berlin] JWT Auth - Token validated successfully for user_id: 0
[17-Nov-2025 01:47:08 Europe/Berlin] Cart.php - Authenticated user_id: 0
[17-Nov-2025 01:47:08 Europe/Berlin] Cart.php - Action: add
[17-Nov-2025 01:47:08 Europe/Berlin] Cart.php - Data: {"action":"add","product_id":42,"quantity":1}
[17-Nov-2025 01:47:08 Europe/Berlin] Cart.php - Add action: product_id=42, quantity=1
[17-Nov-2025 01:47:08 Europe/Berlin] Cart.php - Checking if product already in cart for user 0
[17-Nov-2025 01:47:08 Europe/Berlin] Cart.php - Adding new product to cart
[17-Nov-2025 01:47:08 Europe/Berlin] Cart.php - Add action successful
[17-Nov-2025 01:47:08 Europe/Berlin] Cart.php - Request received: POST
[17-Nov-2025 01:47:08 Europe/Berlin] Cart.php - Request body: {}
[17-Nov-2025 01:47:08 Europe/Berlin] JWT Auth - Token received: YES
[17-Nov-2025 01:47:08 Europe/Berlin] JWT Auth - Token validated successfully for user_id: 0
[17-Nov-2025 01:47:08 Europe/Berlin] Cart.php - Authenticated user_id: 0
[17-Nov-2025 01:47:08 Europe/Berlin] Cart.php - Action: list
[17-Nov-2025 01:47:08 Europe/Berlin] Cart.php - Data: []
[17-Nov-2025 01:47:10 Europe/Berlin] Cart.php - Request received: POST
[17-Nov-2025 01:47:10 Europe/Berlin] Cart.php - Request body: {"action":"add","product_id":41,"quantity":1}
[17-Nov-2025 01:47:10 Europe/Berlin] JWT Auth - Token received: YES
[17-Nov-2025 01:47:10 Europe/Berlin] JWT Auth - Token validated successfully for user_id: 0
[17-Nov-2025 01:47:10 Europe/Berlin] Cart.php - Authenticated user_id: 0
[17-Nov-2025 01:47:10 Europe/Berlin] Cart.php - Action: add
[17-Nov-2025 01:47:10 Europe/Berlin] Cart.php - Data: {"action":"add","product_id":41,"quantity":1}
[17-Nov-2025 01:47:10 Europe/Berlin] Cart.php - Add action: product_id=41, quantity=1
[17-Nov-2025 01:47:10 Europe/Berlin] Cart.php - Checking if product already in cart for user 0
[17-Nov-2025 01:47:10 Europe/Berlin] Cart.php - Adding new product to cart
[17-Nov-2025 01:47:10 Europe/Berlin] Cart.php - Add action successful
[17-Nov-2025 01:47:10 Europe/Berlin] Cart.php - Request received: POST
[17-Nov-2025 01:47:10 Europe/Berlin] Cart.php - Request body: {}
[17-Nov-2025 01:47:10 Europe/Berlin] JWT Auth - Token received: YES
[17-Nov-2025 01:47:10 Europe/Berlin] JWT Auth - Token validated successfully for user_id: 0
[17-Nov-2025 01:47:10 Europe/Berlin] Cart.php - Authenticated user_id: 0
[17-Nov-2025 01:47:10 Europe/Berlin] Cart.php - Action: list
[17-Nov-2025 01:47:10 Europe/Berlin] Cart.php - Data: []
[17-Nov-2025 01:47:14 Europe/Berlin] Cart.php - Request received: POST
[17-Nov-2025 01:47:14 Europe/Berlin] Cart.php - Request body: {}
[17-Nov-2025 01:47:14 Europe/Berlin] JWT Auth - Token received: YES
[17-Nov-2025 01:47:14 Europe/Berlin] JWT Auth - Token validated successfully for user_id: 0
[17-Nov-2025 01:47:14 Europe/Berlin] Cart.php - Authenticated user_id: 0
[17-Nov-2025 01:47:14 Europe/Berlin] Cart.php - Action: list
[17-Nov-2025 01:47:14 Europe/Berlin] Cart.php - Data: []
[17-Nov-2025 01:47:27 Europe/Berlin] Cart.php - Request received: POST
[17-Nov-2025 01:47:27 Europe/Berlin] Cart.php - Request body: {"action":"remove","product_id":44}
[17-Nov-2025 01:47:27 Europe/Berlin] JWT Auth - Token received: YES
[17-Nov-2025 01:47:27 Europe/Berlin] JWT Auth - Token validated successfully for user_id: 0
[17-Nov-2025 01:47:27 Europe/Berlin] Cart.php - Authenticated user_id: 0
[17-Nov-2025 01:47:27 Europe/Berlin] Cart.php - Action: remove
[17-Nov-2025 01:47:27 Europe/Berlin] Cart.php - Data: {"action":"remove","product_id":44}
[17-Nov-2025 01:47:27 Europe/Berlin] Cart.php - Request received: POST
[17-Nov-2025 01:47:27 Europe/Berlin] Cart.php - Request body: {}
[17-Nov-2025 01:47:27 Europe/Berlin] JWT Auth - Token received: YES
[17-Nov-2025 01:47:27 Europe/Berlin] JWT Auth - Token validated successfully for user_id: 0
[17-Nov-2025 01:47:27 Europe/Berlin] Cart.php - Authenticated user_id: 0
[17-Nov-2025 01:47:27 Europe/Berlin] Cart.php - Action: list
[17-Nov-2025 01:47:27 Europe/Berlin] Cart.php - Data: []
[17-Nov-2025 01:47:29 Europe/Berlin] Cart.php - Request received: POST
[17-Nov-2025 01:47:29 Europe/Berlin] Cart.php - Request body: {"action":"remove","product_id":46}
[17-Nov-2025 01:47:29 Europe/Berlin] JWT Auth - Token received: YES
[17-Nov-2025 01:47:29 Europe/Berlin] JWT Auth - Token validated successfully for user_id: 0
[17-Nov-2025 01:47:29 Europe/Berlin] Cart.php - Authenticated user_id: 0
[17-Nov-2025 01:47:29 Europe/Berlin] Cart.php - Action: remove
[17-Nov-2025 01:47:29 Europe/Berlin] Cart.php - Data: {"action":"remove","product_id":46}
[17-Nov-2025 01:47:29 Europe/Berlin] Cart.php - Request received: POST
[17-Nov-2025 01:47:29 Europe/Berlin] Cart.php - Request body: {}
[17-Nov-2025 01:47:29 Europe/Berlin] JWT Auth - Token received: YES
[17-Nov-2025 01:47:29 Europe/Berlin] JWT Auth - Token validated successfully for user_id: 0
[17-Nov-2025 01:47:29 Europe/Berlin] Cart.php - Authenticated user_id: 0
[17-Nov-2025 01:47:29 Europe/Berlin] Cart.php - Action: list
[17-Nov-2025 01:47:29 Europe/Berlin] Cart.php - Data: []
[17-Nov-2025 01:47:31 Europe/Berlin] Cart.php - Request received: POST
[17-Nov-2025 01:47:31 Europe/Berlin] Cart.php - Request body: {"action":"remove","product_id":42}
[17-Nov-2025 01:47:31 Europe/Berlin] JWT Auth - Token received: YES
[17-Nov-2025 01:47:31 Europe/Berlin] JWT Auth - Token validated successfully for user_id: 0
[17-Nov-2025 01:47:31 Europe/Berlin] Cart.php - Authenticated user_id: 0
[17-Nov-2025 01:47:31 Europe/Berlin] Cart.php - Action: remove
[17-Nov-2025 01:47:31 Europe/Berlin] Cart.php - Data: {"action":"remove","product_id":42}
[17-Nov-2025 01:47:31 Europe/Berlin] Cart.php - Request received: POST
[17-Nov-2025 01:47:31 Europe/Berlin] Cart.php - Request body: {}
[17-Nov-2025 01:47:31 Europe/Berlin] JWT Auth - Token received: YES
[17-Nov-2025 01:47:31 Europe/Berlin] JWT Auth - Token validated successfully for user_id: 0
[17-Nov-2025 01:47:31 Europe/Berlin] Cart.php - Authenticated user_id: 0
[17-Nov-2025 01:47:31 Europe/Berlin] Cart.php - Action: list
[17-Nov-2025 01:47:31 Europe/Berlin] Cart.php - Data: []
[17-Nov-2025 01:47:32 Europe/Berlin] Cart.php - Request received: POST
[17-Nov-2025 01:47:32 Europe/Berlin] Cart.php - Request body: {"action":"remove","product_id":41}
[17-Nov-2025 01:47:32 Europe/Berlin] JWT Auth - Token received: YES
[17-Nov-2025 01:47:32 Europe/Berlin] JWT Auth - Token validated successfully for user_id: 0
[17-Nov-2025 01:47:32 Europe/Berlin] Cart.php - Authenticated user_id: 0
[17-Nov-2025 01:47:32 Europe/Berlin] Cart.php - Action: remove
[17-Nov-2025 01:47:32 Europe/Berlin] Cart.php - Data: {"action":"remove","product_id":41}
[17-Nov-2025 01:47:32 Europe/Berlin] Cart.php - Request received: POST
[17-Nov-2025 01:47:32 Europe/Berlin] Cart.php - Request body: {}
[17-Nov-2025 01:47:32 Europe/Berlin] JWT Auth - Token received: YES
[17-Nov-2025 01:47:32 Europe/Berlin] JWT Auth - Token validated successfully for user_id: 0
[17-Nov-2025 01:47:32 Europe/Berlin] Cart.php - Authenticated user_id: 0
[17-Nov-2025 01:47:32 Europe/Berlin] Cart.php - Action: list
[17-Nov-2025 01:47:32 Europe/Berlin] Cart.php - Data: []
[17-Nov-2025 01:47:42 Europe/Berlin] Cart.php - Request received: POST
[17-Nov-2025 01:47:42 Europe/Berlin] Cart.php - Request body: {"action":"add","product_id":45,"quantity":1}
[17-Nov-2025 01:47:42 Europe/Berlin] JWT Auth - Token received: YES
[17-Nov-2025 01:47:42 Europe/Berlin] JWT Auth - Token validated successfully for user_id: 0
[17-Nov-2025 01:47:42 Europe/Berlin] Cart.php - Authenticated user_id: 0
[17-Nov-2025 01:47:42 Europe/Berlin] Cart.php - Action: add
[17-Nov-2025 01:47:42 Europe/Berlin] Cart.php - Data: {"action":"add","product_id":45,"quantity":1}
[17-Nov-2025 01:47:42 Europe/Berlin] Cart.php - Add action: product_id=45, quantity=1
[17-Nov-2025 01:47:42 Europe/Berlin] Cart.php - Checking if product already in cart for user 0
[17-Nov-2025 01:47:42 Europe/Berlin] Cart.php - Adding new product to cart
[17-Nov-2025 01:47:42 Europe/Berlin] Cart.php - Add action successful
[17-Nov-2025 01:47:42 Europe/Berlin] Cart.php - Request received: POST
[17-Nov-2025 01:47:42 Europe/Berlin] Cart.php - Request body: {}
[17-Nov-2025 01:47:42 Europe/Berlin] JWT Auth - Token received: YES
[17-Nov-2025 01:47:42 Europe/Berlin] JWT Auth - Token validated successfully for user_id: 0
[17-Nov-2025 01:47:42 Europe/Berlin] Cart.php - Authenticated user_id: 0
[17-Nov-2025 01:47:42 Europe/Berlin] Cart.php - Action: list
[17-Nov-2025 01:47:42 Europe/Berlin] Cart.php - Data: []
[17-Nov-2025 01:47:46 Europe/Berlin] Cart.php - Request received: POST
[17-Nov-2025 01:47:46 Europe/Berlin] Cart.php - Request body: {}
[17-Nov-2025 01:47:46 Europe/Berlin] JWT Auth - Token received: YES
[17-Nov-2025 01:47:46 Europe/Berlin] JWT Auth - Token validated successfully for user_id: 0
[17-Nov-2025 01:47:46 Europe/Berlin] Cart.php - Authenticated user_id: 0
[17-Nov-2025 01:47:46 Europe/Berlin] Cart.php - Action: list
[17-Nov-2025 01:47:46 Europe/Berlin] Cart.php - Data: []
[17-Nov-2025 01:48:15 Europe/Berlin] Cart.php - Request received: POST
[17-Nov-2025 01:48:15 Europe/Berlin] Cart.php - Request body: {"action":"clear"}
[17-Nov-2025 01:48:15 Europe/Berlin] JWT Auth - Token received: YES
[17-Nov-2025 01:48:15 Europe/Berlin] JWT Auth - Token validated successfully for user_id: 0
[17-Nov-2025 01:48:15 Europe/Berlin] Cart.php - Authenticated user_id: 0
[17-Nov-2025 01:48:15 Europe/Berlin] Cart.php - Action: clear
[17-Nov-2025 01:48:15 Europe/Berlin] Cart.php - Data: {"action":"clear"}
[17-Nov-2025 01:52:54 Europe/Berlin] Cart.php - Request received: POST
[17-Nov-2025 01:52:54 Europe/Berlin] Cart.php - Request body: {"action":"add","product_id":45,"quantity":1}
[17-Nov-2025 01:52:54 Europe/Berlin] JWT Auth - Token received: YES
[17-Nov-2025 01:52:54 Europe/Berlin] JWT Auth - Token validated successfully for user_id: 0
[17-Nov-2025 01:52:54 Europe/Berlin] Cart.php - Authenticated user_id: 0
[17-Nov-2025 01:52:54 Europe/Berlin] Cart.php - Action: add
[17-Nov-2025 01:52:54 Europe/Berlin] Cart.php - Data: {"action":"add","product_id":45,"quantity":1}
[17-Nov-2025 01:52:54 Europe/Berlin] Cart.php - Add action: product_id=45, quantity=1
[17-Nov-2025 01:52:54 Europe/Berlin] Cart.php - Checking if product already in cart for user 0
[17-Nov-2025 01:52:54 Europe/Berlin] Cart.php - Adding new product to cart
[17-Nov-2025 01:52:54 Europe/Berlin] Cart.php - Add action successful
[17-Nov-2025 01:52:54 Europe/Berlin] Cart.php - Request received: POST
[17-Nov-2025 01:52:54 Europe/Berlin] Cart.php - Request body: {}
[17-Nov-2025 01:52:54 Europe/Berlin] JWT Auth - Token received: YES
[17-Nov-2025 01:52:54 Europe/Berlin] JWT Auth - Token validated successfully for user_id: 0
[17-Nov-2025 01:52:54 Europe/Berlin] Cart.php - Authenticated user_id: 0
[17-Nov-2025 01:52:54 Europe/Berlin] Cart.php - Action: list
[17-Nov-2025 01:52:54 Europe/Berlin] Cart.php - Data: []
[17-Nov-2025 01:52:55 Europe/Berlin] Cart.php - Request received: POST
[17-Nov-2025 01:52:55 Europe/Berlin] Cart.php - Request body: {"action":"add","product_id":44,"quantity":1}
[17-Nov-2025 01:52:55 Europe/Berlin] JWT Auth - Token received: YES
[17-Nov-2025 01:52:55 Europe/Berlin] JWT Auth - Token validated successfully for user_id: 0
[17-Nov-2025 01:52:55 Europe/Berlin] Cart.php - Authenticated user_id: 0
[17-Nov-2025 01:52:55 Europe/Berlin] Cart.php - Action: add
[17-Nov-2025 01:52:55 Europe/Berlin] Cart.php - Data: {"action":"add","product_id":44,"quantity":1}
[17-Nov-2025 01:52:55 Europe/Berlin] Cart.php - Add action: product_id=44, quantity=1
[17-Nov-2025 01:52:55 Europe/Berlin] Cart.php - Checking if product already in cart for user 0
[17-Nov-2025 01:52:55 Europe/Berlin] Cart.php - Adding new product to cart
[17-Nov-2025 01:52:55 Europe/Berlin] Cart.php - Add action successful
[17-Nov-2025 01:52:55 Europe/Berlin] Cart.php - Request received: POST
[17-Nov-2025 01:52:55 Europe/Berlin] Cart.php - Request body: {}
[17-Nov-2025 01:52:55 Europe/Berlin] JWT Auth - Token received: YES
[17-Nov-2025 01:52:55 Europe/Berlin] JWT Auth - Token validated successfully for user_id: 0
[17-Nov-2025 01:52:55 Europe/Berlin] Cart.php - Authenticated user_id: 0
[17-Nov-2025 01:52:55 Europe/Berlin] Cart.php - Action: list
[17-Nov-2025 01:52:55 Europe/Berlin] Cart.php - Data: []
[17-Nov-2025 01:52:58 Europe/Berlin] Cart.php - Request received: POST
[17-Nov-2025 01:52:58 Europe/Berlin] Cart.php - Request body: {}
[17-Nov-2025 01:52:58 Europe/Berlin] JWT Auth - Token received: YES
[17-Nov-2025 01:52:58 Europe/Berlin] JWT Auth - Token validated successfully for user_id: 0
[17-Nov-2025 01:52:58 Europe/Berlin] Cart.php - Authenticated user_id: 0
[17-Nov-2025 01:52:58 Europe/Berlin] Cart.php - Action: list
[17-Nov-2025 01:52:58 Europe/Berlin] Cart.php - Data: []
[17-Nov-2025 01:53:22 Europe/Berlin] Cart.php - Request received: POST
[17-Nov-2025 01:53:22 Europe/Berlin] Cart.php - Request body: {"action":"clear"}
[17-Nov-2025 01:53:22 Europe/Berlin] JWT Auth - Token received: YES
[17-Nov-2025 01:53:22 Europe/Berlin] JWT Auth - Token validated successfully for user_id: 0
[17-Nov-2025 01:53:22 Europe/Berlin] Cart.php - Authenticated user_id: 0
[17-Nov-2025 01:53:22 Europe/Berlin] Cart.php - Action: clear
[17-Nov-2025 01:53:22 Europe/Berlin] Cart.php - Data: {"action":"clear"}
[18-Nov-2025 03:24:12 Europe/Berlin] Cart.php - Request received: POST
[18-Nov-2025 03:24:12 Europe/Berlin] Cart.php - Request body: {"action":"add","product_id":46,"quantity":1}
[18-Nov-2025 03:24:12 Europe/Berlin] JWT Auth - Token received: YES
[18-Nov-2025 03:24:12 Europe/Berlin] JWT Auth - Token validated successfully for user_id: 0
[18-Nov-2025 03:24:12 Europe/Berlin] Cart.php - Authenticated user_id: 0
[18-Nov-2025 03:24:12 Europe/Berlin] Cart.php - Action: add
[18-Nov-2025 03:24:12 Europe/Berlin] Cart.php - Data: {"action":"add","product_id":46,"quantity":1}
[18-Nov-2025 03:24:12 Europe/Berlin] Cart.php - Add action: product_id=46, quantity=1
[18-Nov-2025 03:24:12 Europe/Berlin] Cart.php - Checking if product already in cart for user 0
[18-Nov-2025 03:24:12 Europe/Berlin] Cart.php - Adding new product to cart
[18-Nov-2025 03:24:12 Europe/Berlin] Cart.php - Add action successful
[18-Nov-2025 03:24:12 Europe/Berlin] Cart.php - Request received: POST
[18-Nov-2025 03:24:12 Europe/Berlin] Cart.php - Request body: {}
[18-Nov-2025 03:24:12 Europe/Berlin] JWT Auth - Token received: YES
[18-Nov-2025 03:24:12 Europe/Berlin] JWT Auth - Token validated successfully for user_id: 0
[18-Nov-2025 03:24:12 Europe/Berlin] Cart.php - Authenticated user_id: 0
[18-Nov-2025 03:24:12 Europe/Berlin] Cart.php - Action: list
[18-Nov-2025 03:24:12 Europe/Berlin] Cart.php - Data: []
[18-Nov-2025 03:24:14 Europe/Berlin] Cart.php - Request received: POST
[18-Nov-2025 03:24:14 Europe/Berlin] Cart.php - Request body: {"action":"add","product_id":44,"quantity":1}
[18-Nov-2025 03:24:14 Europe/Berlin] JWT Auth - Token received: YES
[18-Nov-2025 03:24:14 Europe/Berlin] JWT Auth - Token validated successfully for user_id: 0
[18-Nov-2025 03:24:14 Europe/Berlin] Cart.php - Authenticated user_id: 0
[18-Nov-2025 03:24:14 Europe/Berlin] Cart.php - Action: add
[18-Nov-2025 03:24:14 Europe/Berlin] Cart.php - Data: {"action":"add","product_id":44,"quantity":1}
[18-Nov-2025 03:24:14 Europe/Berlin] Cart.php - Add action: product_id=44, quantity=1
[18-Nov-2025 03:24:14 Europe/Berlin] Cart.php - Checking if product already in cart for user 0
[18-Nov-2025 03:24:14 Europe/Berlin] Cart.php - Adding new product to cart
[18-Nov-2025 03:24:14 Europe/Berlin] Cart.php - Add action successful
[18-Nov-2025 03:24:14 Europe/Berlin] Cart.php - Request received: POST
[18-Nov-2025 03:24:14 Europe/Berlin] Cart.php - Request body: {}
[18-Nov-2025 03:24:14 Europe/Berlin] JWT Auth - Token received: YES
[18-Nov-2025 03:24:14 Europe/Berlin] JWT Auth - Token validated successfully for user_id: 0
[18-Nov-2025 03:24:14 Europe/Berlin] Cart.php - Authenticated user_id: 0
[18-Nov-2025 03:24:14 Europe/Berlin] Cart.php - Action: list
[18-Nov-2025 03:24:14 Europe/Berlin] Cart.php - Data: []
[18-Nov-2025 03:24:17 Europe/Berlin] Cart.php - Request received: POST
[18-Nov-2025 03:24:17 Europe/Berlin] Cart.php - Request body: {}
[18-Nov-2025 03:24:17 Europe/Berlin] JWT Auth - Token received: YES
[18-Nov-2025 03:24:17 Europe/Berlin] JWT Auth - Token validated successfully for user_id: 0
[18-Nov-2025 03:24:17 Europe/Berlin] Cart.php - Authenticated user_id: 0
[18-Nov-2025 03:24:17 Europe/Berlin] Cart.php - Action: list
[18-Nov-2025 03:24:17 Europe/Berlin] Cart.php - Data: []
[18-Nov-2025 03:24:24 Europe/Berlin] Cart.php - Request received: POST
[18-Nov-2025 03:24:24 Europe/Berlin] Cart.php - Request body: {"action":"clear"}
[18-Nov-2025 03:24:24 Europe/Berlin] JWT Auth - Token received: YES
[18-Nov-2025 03:24:24 Europe/Berlin] JWT Auth - Token validated successfully for user_id: 0
[18-Nov-2025 03:24:24 Europe/Berlin] Cart.php - Authenticated user_id: 0
[18-Nov-2025 03:24:24 Europe/Berlin] Cart.php - Action: clear
[18-Nov-2025 03:24:24 Europe/Berlin] Cart.php - Data: {"action":"clear"}
[18-Nov-2025 03:24:56 Europe/Berlin] Cart.php - Request received: POST
[18-Nov-2025 03:24:56 Europe/Berlin] Cart.php - Request body: {"action":"add","product_id":39,"quantity":1}
[18-Nov-2025 03:24:56 Europe/Berlin] JWT Auth - Token received: YES
[18-Nov-2025 03:24:56 Europe/Berlin] JWT Auth - Token validated successfully for user_id: 0
[18-Nov-2025 03:24:56 Europe/Berlin] Cart.php - Authenticated user_id: 0
[18-Nov-2025 03:24:56 Europe/Berlin] Cart.php - Action: add
[18-Nov-2025 03:24:56 Europe/Berlin] Cart.php - Data: {"action":"add","product_id":39,"quantity":1}
[18-Nov-2025 03:24:56 Europe/Berlin] Cart.php - Add action: product_id=39, quantity=1
[18-Nov-2025 03:24:56 Europe/Berlin] Cart.php - Checking if product already in cart for user 0
[18-Nov-2025 03:24:56 Europe/Berlin] Cart.php - Adding new product to cart
[18-Nov-2025 03:24:56 Europe/Berlin] Cart.php - Add action successful
[18-Nov-2025 03:24:56 Europe/Berlin] Cart.php - Request received: POST
[18-Nov-2025 03:24:56 Europe/Berlin] Cart.php - Request body: {}
[18-Nov-2025 03:24:56 Europe/Berlin] JWT Auth - Token received: YES
[18-Nov-2025 03:24:56 Europe/Berlin] JWT Auth - Token validated successfully for user_id: 0
[18-Nov-2025 03:24:56 Europe/Berlin] Cart.php - Authenticated user_id: 0
[18-Nov-2025 03:24:56 Europe/Berlin] Cart.php - Action: list
[18-Nov-2025 03:24:56 Europe/Berlin] Cart.php - Data: []
[18-Nov-2025 03:24:59 Europe/Berlin] Cart.php - Request received: POST
[18-Nov-2025 03:24:59 Europe/Berlin] Cart.php - Request body: {}
[18-Nov-2025 03:24:59 Europe/Berlin] JWT Auth - Token received: YES
[18-Nov-2025 03:24:59 Europe/Berlin] JWT Auth - Token validated successfully for user_id: 0
[18-Nov-2025 03:24:59 Europe/Berlin] Cart.php - Authenticated user_id: 0
[18-Nov-2025 03:24:59 Europe/Berlin] Cart.php - Action: list
[18-Nov-2025 03:24:59 Europe/Berlin] Cart.php - Data: []
[18-Nov-2025 03:25:22 Europe/Berlin] Cart.php - Request received: POST
[18-Nov-2025 03:25:22 Europe/Berlin] Cart.php - Request body: {"action":"add","product_id":43,"quantity":1}
[18-Nov-2025 03:25:22 Europe/Berlin] JWT Auth - Token received: YES
[18-Nov-2025 03:25:22 Europe/Berlin] JWT Auth - Token validated successfully for user_id: 0
[18-Nov-2025 03:25:22 Europe/Berlin] Cart.php - Authenticated user_id: 0
[18-Nov-2025 03:25:22 Europe/Berlin] Cart.php - Action: add
[18-Nov-2025 03:25:22 Europe/Berlin] Cart.php - Data: {"action":"add","product_id":43,"quantity":1}
[18-Nov-2025 03:25:22 Europe/Berlin] Cart.php - Add action: product_id=43, quantity=1
[18-Nov-2025 03:25:22 Europe/Berlin] Cart.php - Checking if product already in cart for user 0
[18-Nov-2025 03:25:22 Europe/Berlin] Cart.php - Adding new product to cart
[18-Nov-2025 03:25:22 Europe/Berlin] Cart.php - Add action successful
[18-Nov-2025 03:25:22 Europe/Berlin] Cart.php - Request received: POST
[18-Nov-2025 03:25:22 Europe/Berlin] Cart.php - Request body: {}
[18-Nov-2025 03:25:22 Europe/Berlin] JWT Auth - Token received: YES
[18-Nov-2025 03:25:22 Europe/Berlin] JWT Auth - Token validated successfully for user_id: 0
[18-Nov-2025 03:25:22 Europe/Berlin] Cart.php - Authenticated user_id: 0
[18-Nov-2025 03:25:22 Europe/Berlin] Cart.php - Action: list
[18-Nov-2025 03:25:22 Europe/Berlin] Cart.php - Data: []
[18-Nov-2025 03:25:27 Europe/Berlin] Cart.php - Request received: POST
[18-Nov-2025 03:25:27 Europe/Berlin] Cart.php - Request body: {}
[18-Nov-2025 03:25:27 Europe/Berlin] JWT Auth - Token received: YES
[18-Nov-2025 03:25:27 Europe/Berlin] JWT Auth - Token validated successfully for user_id: 0
[18-Nov-2025 03:25:27 Europe/Berlin] Cart.php - Authenticated user_id: 0
[18-Nov-2025 03:25:27 Europe/Berlin] Cart.php - Action: list
[18-Nov-2025 03:25:27 Europe/Berlin] Cart.php - Data: []
[18-Nov-2025 03:25:32 Europe/Berlin] Cart.php - Request received: POST
[18-Nov-2025 03:25:32 Europe/Berlin] Cart.php - Request body: {"action":"clear"}
[18-Nov-2025 03:25:32 Europe/Berlin] JWT Auth - Token received: YES
[18-Nov-2025 03:25:32 Europe/Berlin] JWT Auth - Token validated successfully for user_id: 0
[18-Nov-2025 03:25:32 Europe/Berlin] Cart.php - Authenticated user_id: 0
[18-Nov-2025 03:25:32 Europe/Berlin] Cart.php - Action: clear
[18-Nov-2025 03:25:32 Europe/Berlin] Cart.php - Data: {"action":"clear"}
[18-Nov-2025 03:28:24 Europe/Berlin] Cart.php - Request received: POST
[18-Nov-2025 03:28:24 Europe/Berlin] Cart.php - Request body: {}
[18-Nov-2025 03:28:24 Europe/Berlin] JWT Auth - Token received: YES
[18-Nov-2025 03:28:24 Europe/Berlin] JWT Auth - Token validated successfully for user_id: 0
[18-Nov-2025 03:28:24 Europe/Berlin] Cart.php - Authenticated user_id: 0
[18-Nov-2025 03:28:24 Europe/Berlin] Cart.php - Action: list
[18-Nov-2025 03:28:24 Europe/Berlin] Cart.php - Data: []
[18-Nov-2025 03:28:30 Europe/Berlin] Cart.php - Request received: POST
[18-Nov-2025 03:28:30 Europe/Berlin] Cart.php - Request body: {"action":"add","product_id":45,"quantity":1}
[18-Nov-2025 03:28:30 Europe/Berlin] JWT Auth - Token received: YES
[18-Nov-2025 03:28:30 Europe/Berlin] JWT Auth - Token validated successfully for user_id: 0
[18-Nov-2025 03:28:30 Europe/Berlin] Cart.php - Authenticated user_id: 0
[18-Nov-2025 03:28:30 Europe/Berlin] Cart.php - Action: add
[18-Nov-2025 03:28:30 Europe/Berlin] Cart.php - Data: {"action":"add","product_id":45,"quantity":1}
[18-Nov-2025 03:28:30 Europe/Berlin] Cart.php - Add action: product_id=45, quantity=1
[18-Nov-2025 03:28:30 Europe/Berlin] Cart.php - Checking if product already in cart for user 0
[18-Nov-2025 03:28:30 Europe/Berlin] Cart.php - Adding new product to cart
[18-Nov-2025 03:28:30 Europe/Berlin] Cart.php - Add action successful
[18-Nov-2025 03:28:31 Europe/Berlin] Cart.php - Request received: POST
[18-Nov-2025 03:28:31 Europe/Berlin] Cart.php - Request body: {}
[18-Nov-2025 03:28:31 Europe/Berlin] JWT Auth - Token received: YES
[18-Nov-2025 03:28:31 Europe/Berlin] JWT Auth - Token validated successfully for user_id: 0
[18-Nov-2025 03:28:31 Europe/Berlin] Cart.php - Authenticated user_id: 0
[18-Nov-2025 03:28:31 Europe/Berlin] Cart.php - Action: list
[18-Nov-2025 03:28:31 Europe/Berlin] Cart.php - Data: []
[18-Nov-2025 03:28:34 Europe/Berlin] Cart.php - Request received: POST
[18-Nov-2025 03:28:34 Europe/Berlin] Cart.php - Request body: {}
[18-Nov-2025 03:28:34 Europe/Berlin] JWT Auth - Token received: YES
[18-Nov-2025 03:28:34 Europe/Berlin] JWT Auth - Token validated successfully for user_id: 0
[18-Nov-2025 03:28:34 Europe/Berlin] Cart.php - Authenticated user_id: 0
[18-Nov-2025 03:28:34 Europe/Berlin] Cart.php - Action: list
[18-Nov-2025 03:28:34 Europe/Berlin] Cart.php - Data: []
[18-Nov-2025 03:28:37 Europe/Berlin] Cart.php - Request received: POST
[18-Nov-2025 03:28:37 Europe/Berlin] Cart.php - Request body: {"action":"clear"}
[18-Nov-2025 03:28:37 Europe/Berlin] JWT Auth - Token received: YES
[18-Nov-2025 03:28:37 Europe/Berlin] JWT Auth - Token validated successfully for user_id: 0
[18-Nov-2025 03:28:37 Europe/Berlin] Cart.php - Authenticated user_id: 0
[18-Nov-2025 03:28:37 Europe/Berlin] Cart.php - Action: clear
[18-Nov-2025 03:28:37 Europe/Berlin] Cart.php - Data: {"action":"clear"}
[18-Nov-2025 03:34:26 Europe/Berlin] Cart.php - Request received: POST
[18-Nov-2025 03:34:26 Europe/Berlin] Cart.php - Request body: {"action":"add","product_id":44,"quantity":1}
[18-Nov-2025 03:34:26 Europe/Berlin] JWT Auth - Token received: YES
[18-Nov-2025 03:34:26 Europe/Berlin] JWT Auth - Token validated successfully for user_id: 0
[18-Nov-2025 03:34:26 Europe/Berlin] Cart.php - Authenticated user_id: 0
[18-Nov-2025 03:34:26 Europe/Berlin] Cart.php - Action: add
[18-Nov-2025 03:34:26 Europe/Berlin] Cart.php - Data: {"action":"add","product_id":44,"quantity":1}
[18-Nov-2025 03:34:26 Europe/Berlin] Cart.php - Add action: product_id=44, quantity=1
[18-Nov-2025 03:34:26 Europe/Berlin] Cart.php - Checking if product already in cart for user 0
[18-Nov-2025 03:34:26 Europe/Berlin] Cart.php - Adding new product to cart
[18-Nov-2025 03:34:26 Europe/Berlin] Cart.php - Add action successful
[18-Nov-2025 03:34:27 Europe/Berlin] Cart.php - Request received: POST
[18-Nov-2025 03:34:27 Europe/Berlin] Cart.php - Request body: {}
[18-Nov-2025 03:34:27 Europe/Berlin] JWT Auth - Token received: YES
[18-Nov-2025 03:34:27 Europe/Berlin] JWT Auth - Token validated successfully for user_id: 0
[18-Nov-2025 03:34:27 Europe/Berlin] Cart.php - Authenticated user_id: 0
[18-Nov-2025 03:34:27 Europe/Berlin] Cart.php - Action: list
[18-Nov-2025 03:34:27 Europe/Berlin] Cart.php - Data: []
[18-Nov-2025 03:34:30 Europe/Berlin] Cart.php - Request received: POST
[18-Nov-2025 03:34:30 Europe/Berlin] Cart.php - Request body: {"action":"add","product_id":38,"quantity":1}
[18-Nov-2025 03:34:30 Europe/Berlin] JWT Auth - Token received: YES
[18-Nov-2025 03:34:30 Europe/Berlin] JWT Auth - Token validated successfully for user_id: 0
[18-Nov-2025 03:34:30 Europe/Berlin] Cart.php - Authenticated user_id: 0
[18-Nov-2025 03:34:30 Europe/Berlin] Cart.php - Action: add
[18-Nov-2025 03:34:30 Europe/Berlin] Cart.php - Data: {"action":"add","product_id":38,"quantity":1}
[18-Nov-2025 03:34:30 Europe/Berlin] Cart.php - Add action: product_id=38, quantity=1
[18-Nov-2025 03:34:30 Europe/Berlin] Cart.php - Checking if product already in cart for user 0
[18-Nov-2025 03:34:30 Europe/Berlin] Cart.php - Adding new product to cart
[18-Nov-2025 03:34:30 Europe/Berlin] Cart.php - Add action successful
[18-Nov-2025 03:34:30 Europe/Berlin] Cart.php - Request received: POST
[18-Nov-2025 03:34:30 Europe/Berlin] Cart.php - Request body: {}
[18-Nov-2025 03:34:30 Europe/Berlin] JWT Auth - Token received: YES
[18-Nov-2025 03:34:30 Europe/Berlin] JWT Auth - Token validated successfully for user_id: 0
[18-Nov-2025 03:34:30 Europe/Berlin] Cart.php - Authenticated user_id: 0
[18-Nov-2025 03:34:30 Europe/Berlin] Cart.php - Action: list
[18-Nov-2025 03:34:30 Europe/Berlin] Cart.php - Data: []
[18-Nov-2025 03:34:34 Europe/Berlin] Cart.php - Request received: POST
[18-Nov-2025 03:34:34 Europe/Berlin] Cart.php - Request body: {}
[18-Nov-2025 03:34:34 Europe/Berlin] JWT Auth - Token received: YES
[18-Nov-2025 03:34:34 Europe/Berlin] JWT Auth - Token validated successfully for user_id: 0
[18-Nov-2025 03:34:34 Europe/Berlin] Cart.php - Authenticated user_id: 0
[18-Nov-2025 03:34:34 Europe/Berlin] Cart.php - Action: list
[18-Nov-2025 03:34:34 Europe/Berlin] Cart.php - Data: []
[18-Nov-2025 03:34:38 Europe/Berlin] Cart.php - Request received: POST
[18-Nov-2025 03:34:38 Europe/Berlin] Cart.php - Request body: {"action":"clear"}
[18-Nov-2025 03:34:38 Europe/Berlin] JWT Auth - Token received: YES
[18-Nov-2025 03:34:38 Europe/Berlin] JWT Auth - Token validated successfully for user_id: 0
[18-Nov-2025 03:34:38 Europe/Berlin] Cart.php - Authenticated user_id: 0
[18-Nov-2025 03:34:38 Europe/Berlin] Cart.php - Action: clear
[18-Nov-2025 03:34:38 Europe/Berlin] Cart.php - Data: {"action":"clear"}
[18-Nov-2025 03:34:45 Europe/Berlin] Cart.php - Request received: POST
[18-Nov-2025 03:34:45 Europe/Berlin] Cart.php - Request body: {}
[18-Nov-2025 03:34:45 Europe/Berlin] JWT Auth - Token received: YES
[18-Nov-2025 03:34:45 Europe/Berlin] JWT Auth - Token validated successfully for user_id: 0
[18-Nov-2025 03:34:45 Europe/Berlin] Cart.php - Authenticated user_id: 0
[18-Nov-2025 03:34:45 Europe/Berlin] Cart.php - Action: list
[18-Nov-2025 03:34:45 Europe/Berlin] Cart.php - Data: []
[18-Nov-2025 03:34:54 Europe/Berlin] Cart.php - Request received: POST
[18-Nov-2025 03:34:54 Europe/Berlin] Cart.php - Request body: {"action":"add","product_id":37,"quantity":1}
[18-Nov-2025 03:34:54 Europe/Berlin] JWT Auth - Token received: YES
[18-Nov-2025 03:34:54 Europe/Berlin] JWT Auth - Token validated successfully for user_id: 0
[18-Nov-2025 03:34:54 Europe/Berlin] Cart.php - Authenticated user_id: 0
[18-Nov-2025 03:34:54 Europe/Berlin] Cart.php - Action: add
[18-Nov-2025 03:34:54 Europe/Berlin] Cart.php - Data: {"action":"add","product_id":37,"quantity":1}
[18-Nov-2025 03:34:54 Europe/Berlin] Cart.php - Add action: product_id=37, quantity=1
[18-Nov-2025 03:34:54 Europe/Berlin] Cart.php - Checking if product already in cart for user 0
[18-Nov-2025 03:34:54 Europe/Berlin] Cart.php - Adding new product to cart
[18-Nov-2025 03:34:54 Europe/Berlin] Cart.php - Add action successful
[18-Nov-2025 03:34:54 Europe/Berlin] Cart.php - Request received: POST
[18-Nov-2025 03:34:54 Europe/Berlin] Cart.php - Request body: {}
[18-Nov-2025 03:34:54 Europe/Berlin] JWT Auth - Token received: YES
[18-Nov-2025 03:34:54 Europe/Berlin] JWT Auth - Token validated successfully for user_id: 0
[18-Nov-2025 03:34:54 Europe/Berlin] Cart.php - Authenticated user_id: 0
[18-Nov-2025 03:34:54 Europe/Berlin] Cart.php - Action: list
[18-Nov-2025 03:34:54 Europe/Berlin] Cart.php - Data: []
[18-Nov-2025 03:34:55 Europe/Berlin] Cart.php - Request received: POST
[18-Nov-2025 03:34:55 Europe/Berlin] Cart.php - Request body: {"action":"add","product_id":24,"quantity":1}
[18-Nov-2025 03:34:55 Europe/Berlin] JWT Auth - Token received: YES
[18-Nov-2025 03:34:55 Europe/Berlin] JWT Auth - Token validated successfully for user_id: 0
[18-Nov-2025 03:34:55 Europe/Berlin] Cart.php - Authenticated user_id: 0
[18-Nov-2025 03:34:55 Europe/Berlin] Cart.php - Action: add
[18-Nov-2025 03:34:55 Europe/Berlin] Cart.php - Data: {"action":"add","product_id":24,"quantity":1}
[18-Nov-2025 03:34:55 Europe/Berlin] Cart.php - Add action: product_id=24, quantity=1
[18-Nov-2025 03:34:55 Europe/Berlin] Cart.php - Checking if product already in cart for user 0
[18-Nov-2025 03:34:55 Europe/Berlin] Cart.php - Adding new product to cart
[18-Nov-2025 03:34:55 Europe/Berlin] Cart.php - Add action successful
[18-Nov-2025 03:34:55 Europe/Berlin] Cart.php - Request received: POST
[18-Nov-2025 03:34:55 Europe/Berlin] Cart.php - Request body: {}
[18-Nov-2025 03:34:55 Europe/Berlin] JWT Auth - Token received: YES
[18-Nov-2025 03:34:55 Europe/Berlin] JWT Auth - Token validated successfully for user_id: 0
[18-Nov-2025 03:34:55 Europe/Berlin] Cart.php - Authenticated user_id: 0
[18-Nov-2025 03:34:55 Europe/Berlin] Cart.php - Action: list
[18-Nov-2025 03:34:55 Europe/Berlin] Cart.php - Data: []
[18-Nov-2025 03:34:56 Europe/Berlin] Cart.php - Request received: POST
[18-Nov-2025 03:34:56 Europe/Berlin] Cart.php - Request body: {"action":"add","product_id":21,"quantity":1}
[18-Nov-2025 03:34:56 Europe/Berlin] JWT Auth - Token received: YES
[18-Nov-2025 03:34:56 Europe/Berlin] JWT Auth - Token validated successfully for user_id: 0
[18-Nov-2025 03:34:56 Europe/Berlin] Cart.php - Authenticated user_id: 0
[18-Nov-2025 03:34:56 Europe/Berlin] Cart.php - Action: add
[18-Nov-2025 03:34:56 Europe/Berlin] Cart.php - Data: {"action":"add","product_id":21,"quantity":1}
[18-Nov-2025 03:34:56 Europe/Berlin] Cart.php - Add action: product_id=21, quantity=1
[18-Nov-2025 03:34:56 Europe/Berlin] Cart.php - Checking if product already in cart for user 0
[18-Nov-2025 03:34:56 Europe/Berlin] Cart.php - Adding new product to cart
[18-Nov-2025 03:34:56 Europe/Berlin] Cart.php - Add action successful
[18-Nov-2025 03:34:56 Europe/Berlin] Cart.php - Request received: POST
[18-Nov-2025 03:34:56 Europe/Berlin] Cart.php - Request body: {}
[18-Nov-2025 03:34:56 Europe/Berlin] JWT Auth - Token received: YES
[18-Nov-2025 03:34:56 Europe/Berlin] JWT Auth - Token validated successfully for user_id: 0
[18-Nov-2025 03:34:56 Europe/Berlin] Cart.php - Authenticated user_id: 0
[18-Nov-2025 03:34:56 Europe/Berlin] Cart.php - Action: list
[18-Nov-2025 03:34:56 Europe/Berlin] Cart.php - Data: []
[18-Nov-2025 03:34:59 Europe/Berlin] Cart.php - Request received: POST
[18-Nov-2025 03:34:59 Europe/Berlin] Cart.php - Request body: {"action":"add","product_id":2,"quantity":1}
[18-Nov-2025 03:34:59 Europe/Berlin] JWT Auth - Token received: YES
[18-Nov-2025 03:34:59 Europe/Berlin] JWT Auth - Token validated successfully for user_id: 0
[18-Nov-2025 03:34:59 Europe/Berlin] Cart.php - Authenticated user_id: 0
[18-Nov-2025 03:34:59 Europe/Berlin] Cart.php - Action: add
[18-Nov-2025 03:34:59 Europe/Berlin] Cart.php - Data: {"action":"add","product_id":2,"quantity":1}
[18-Nov-2025 03:34:59 Europe/Berlin] Cart.php - Add action: product_id=2, quantity=1
[18-Nov-2025 03:34:59 Europe/Berlin] Cart.php - Checking if product already in cart for user 0
[18-Nov-2025 03:34:59 Europe/Berlin] Cart.php - Adding new product to cart
[18-Nov-2025 03:34:59 Europe/Berlin] Cart.php - Add action successful
[18-Nov-2025 03:34:59 Europe/Berlin] Cart.php - Request received: POST
[18-Nov-2025 03:34:59 Europe/Berlin] Cart.php - Request body: {}
[18-Nov-2025 03:34:59 Europe/Berlin] JWT Auth - Token received: YES
[18-Nov-2025 03:34:59 Europe/Berlin] JWT Auth - Token validated successfully for user_id: 0
[18-Nov-2025 03:34:59 Europe/Berlin] Cart.php - Authenticated user_id: 0
[18-Nov-2025 03:34:59 Europe/Berlin] Cart.php - Action: list
[18-Nov-2025 03:34:59 Europe/Berlin] Cart.php - Data: []
[18-Nov-2025 03:35:01 Europe/Berlin] Cart.php - Request received: POST
[18-Nov-2025 03:35:01 Europe/Berlin] Cart.php - Request body: {"action":"add","product_id":4,"quantity":1}
[18-Nov-2025 03:35:01 Europe/Berlin] JWT Auth - Token received: YES
[18-Nov-2025 03:35:01 Europe/Berlin] JWT Auth - Token validated successfully for user_id: 0
[18-Nov-2025 03:35:01 Europe/Berlin] Cart.php - Authenticated user_id: 0
[18-Nov-2025 03:35:01 Europe/Berlin] Cart.php - Action: add
[18-Nov-2025 03:35:01 Europe/Berlin] Cart.php - Data: {"action":"add","product_id":4,"quantity":1}
[18-Nov-2025 03:35:01 Europe/Berlin] Cart.php - Add action: product_id=4, quantity=1
[18-Nov-2025 03:35:01 Europe/Berlin] Cart.php - Checking if product already in cart for user 0
[18-Nov-2025 03:35:01 Europe/Berlin] Cart.php - Adding new product to cart
[18-Nov-2025 03:35:01 Europe/Berlin] Cart.php - Add action successful
[18-Nov-2025 03:35:01 Europe/Berlin] Cart.php - Request received: POST
[18-Nov-2025 03:35:01 Europe/Berlin] Cart.php - Request body: {}
[18-Nov-2025 03:35:01 Europe/Berlin] JWT Auth - Token received: YES
[18-Nov-2025 03:35:01 Europe/Berlin] JWT Auth - Token validated successfully for user_id: 0
[18-Nov-2025 03:35:01 Europe/Berlin] Cart.php - Authenticated user_id: 0
[18-Nov-2025 03:35:01 Europe/Berlin] Cart.php - Action: list
[18-Nov-2025 03:35:01 Europe/Berlin] Cart.php - Data: []
[18-Nov-2025 03:35:04 Europe/Berlin] Cart.php - Request received: POST
[18-Nov-2025 03:35:04 Europe/Berlin] Cart.php - Request body: {}
[18-Nov-2025 03:35:04 Europe/Berlin] JWT Auth - Token received: YES
[18-Nov-2025 03:35:04 Europe/Berlin] JWT Auth - Token validated successfully for user_id: 0
[18-Nov-2025 03:35:04 Europe/Berlin] Cart.php - Authenticated user_id: 0
[18-Nov-2025 03:35:04 Europe/Berlin] Cart.php - Action: list
[18-Nov-2025 03:35:04 Europe/Berlin] Cart.php - Data: []
[18-Nov-2025 03:35:08 Europe/Berlin] Cart.php - Request received: POST
[18-Nov-2025 03:35:08 Europe/Berlin] Cart.php - Request body: {"action":"clear"}
[18-Nov-2025 03:35:08 Europe/Berlin] JWT Auth - Token received: YES
[18-Nov-2025 03:35:08 Europe/Berlin] JWT Auth - Token validated successfully for user_id: 0
[18-Nov-2025 03:35:08 Europe/Berlin] Cart.php - Authenticated user_id: 0
[18-Nov-2025 03:35:08 Europe/Berlin] Cart.php - Action: clear
[18-Nov-2025 03:35:08 Europe/Berlin] Cart.php - Data: {"action":"clear"}
[18-Nov-2025 03:35:32 Europe/Berlin] Cart.php - Request received: POST
[18-Nov-2025 03:35:32 Europe/Berlin] Cart.php - Request body: {}
[18-Nov-2025 03:35:32 Europe/Berlin] JWT Auth - Token received: YES
[18-Nov-2025 03:35:32 Europe/Berlin] JWT Auth - Token validated successfully for user_id: 0
[18-Nov-2025 03:35:32 Europe/Berlin] Cart.php - Authenticated user_id: 0
[18-Nov-2025 03:35:32 Europe/Berlin] Cart.php - Action: list
[18-Nov-2025 03:35:32 Europe/Berlin] Cart.php - Data: []
[18-Nov-2025 03:47:30 Europe/Berlin] Cart.php - Request received: POST
[18-Nov-2025 03:47:30 Europe/Berlin] Cart.php - Request body: {}
[18-Nov-2025 03:47:30 Europe/Berlin] JWT Auth - Token received: YES
[18-Nov-2025 03:47:30 Europe/Berlin] JWT Auth - Token validated successfully for user_id: 0
[18-Nov-2025 03:47:30 Europe/Berlin] Cart.php - Authenticated user_id: 0
[18-Nov-2025 03:47:30 Europe/Berlin] Cart.php - Action: list
[18-Nov-2025 03:47:30 Europe/Berlin] Cart.php - Data: []
[18-Nov-2025 03:47:30 Europe/Berlin] Cart.php - Request received: POST
[18-Nov-2025 03:47:30 Europe/Berlin] Cart.php - Request body: {}
[18-Nov-2025 03:47:30 Europe/Berlin] JWT Auth - Token received: YES
[18-Nov-2025 03:47:30 Europe/Berlin] JWT Auth - Token validated successfully for user_id: 0
[18-Nov-2025 03:47:30 Europe/Berlin] Cart.php - Authenticated user_id: 0
[18-Nov-2025 03:47:30 Europe/Berlin] Cart.php - Action: list
[18-Nov-2025 03:47:30 Europe/Berlin] Cart.php - Data: []
[18-Nov-2025 03:48:36 Europe/Berlin] Cart.php - Request received: POST
[18-Nov-2025 03:48:36 Europe/Berlin] Cart.php - Request body: {}
[18-Nov-2025 03:48:36 Europe/Berlin] JWT Auth - Token received: YES
[18-Nov-2025 03:48:36 Europe/Berlin] JWT Auth - Token validated successfully for user_id: 0
[18-Nov-2025 03:48:36 Europe/Berlin] Cart.php - Authenticated user_id: 0
[18-Nov-2025 03:48:36 Europe/Berlin] Cart.php - Action: list
[18-Nov-2025 03:48:36 Europe/Berlin] Cart.php - Data: []
[18-Nov-2025 03:48:36 Europe/Berlin] Cart.php - Request received: POST
[18-Nov-2025 03:48:36 Europe/Berlin] Cart.php - Request body: {}
[18-Nov-2025 03:48:36 Europe/Berlin] JWT Auth - Token received: YES
[18-Nov-2025 03:48:36 Europe/Berlin] JWT Auth - Token validated successfully for user_id: 0
[18-Nov-2025 03:48:36 Europe/Berlin] Cart.php - Authenticated user_id: 0
[18-Nov-2025 03:48:36 Europe/Berlin] Cart.php - Action: list
[18-Nov-2025 03:48:36 Europe/Berlin] Cart.php - Data: []
[18-Nov-2025 04:02:34 Europe/Berlin] Cart.php - Request received: POST
[18-Nov-2025 04:02:34 Europe/Berlin] Cart.php - Request body: {}
[18-Nov-2025 04:02:34 Europe/Berlin] JWT Auth - Token received: YES
[18-Nov-2025 04:02:34 Europe/Berlin] JWT Auth - Token validated successfully for user_id: 0
[18-Nov-2025 04:02:34 Europe/Berlin] Cart.php - Authenticated user_id: 0
[18-Nov-2025 04:02:34 Europe/Berlin] Cart.php - Action: list
[18-Nov-2025 04:02:34 Europe/Berlin] Cart.php - Data: []
[18-Nov-2025 04:02:34 Europe/Berlin] Cart.php - Request received: POST
[18-Nov-2025 04:02:34 Europe/Berlin] Cart.php - Request body: {}
[18-Nov-2025 04:02:34 Europe/Berlin] JWT Auth - Token received: YES
[18-Nov-2025 04:02:34 Europe/Berlin] JWT Auth - Token validated successfully for user_id: 0
[18-Nov-2025 04:02:34 Europe/Berlin] Cart.php - Authenticated user_id: 0
[18-Nov-2025 04:02:34 Europe/Berlin] Cart.php - Action: list
[18-Nov-2025 04:02:34 Europe/Berlin] Cart.php - Data: []
[18-Nov-2025 04:24:22 Europe/Berlin] Cart.php - Request received: POST
[18-Nov-2025 04:24:22 Europe/Berlin] Cart.php - Request body: {}
[18-Nov-2025 04:24:22 Europe/Berlin] JWT Auth - Token received: YES
[18-Nov-2025 04:24:22 Europe/Berlin] JWT Auth - Token validated successfully for user_id: 0
[18-Nov-2025 04:24:22 Europe/Berlin] Cart.php - Authenticated user_id: 0
[18-Nov-2025 04:24:22 Europe/Berlin] Cart.php - Action: list
[18-Nov-2025 04:24:22 Europe/Berlin] Cart.php - Data: []
[18-Nov-2025 04:24:22 Europe/Berlin] Cart.php - Request received: POST
[18-Nov-2025 04:24:22 Europe/Berlin] Cart.php - Request body: {}
[18-Nov-2025 04:24:22 Europe/Berlin] JWT Auth - Token received: YES
[18-Nov-2025 04:24:22 Europe/Berlin] JWT Auth - Token validated successfully for user_id: 0
[18-Nov-2025 04:24:22 Europe/Berlin] Cart.php - Authenticated user_id: 0
[18-Nov-2025 04:24:22 Europe/Berlin] Cart.php - Action: list
[18-Nov-2025 04:24:22 Europe/Berlin] Cart.php - Data: []
[18-Nov-2025 04:29:57 Europe/Berlin] Cart.php - Request received: POST
[18-Nov-2025 04:29:57 Europe/Berlin] Cart.php - Request body: {}
[18-Nov-2025 04:29:57 Europe/Berlin] JWT Auth - Token received: YES
[18-Nov-2025 04:29:57 Europe/Berlin] JWT Auth - Token validated successfully for user_id: 0
[18-Nov-2025 04:29:57 Europe/Berlin] Cart.php - Authenticated user_id: 0
[18-Nov-2025 04:29:57 Europe/Berlin] Cart.php - Action: list
[18-Nov-2025 04:29:57 Europe/Berlin] Cart.php - Data: []
[18-Nov-2025 04:29:57 Europe/Berlin] Cart.php - Request received: POST
[18-Nov-2025 04:29:57 Europe/Berlin] Cart.php - Request body: {}
[18-Nov-2025 04:29:57 Europe/Berlin] JWT Auth - Token received: YES
[18-Nov-2025 04:29:57 Europe/Berlin] JWT Auth - Token validated successfully for user_id: 0
[18-Nov-2025 04:29:57 Europe/Berlin] Cart.php - Authenticated user_id: 0
[18-Nov-2025 04:29:57 Europe/Berlin] Cart.php - Action: list
[18-Nov-2025 04:29:57 Europe/Berlin] Cart.php - Data: []
[18-Nov-2025 04:38:15 Europe/Berlin] Cart.php - Request received: POST
[18-Nov-2025 04:38:15 Europe/Berlin] Cart.php - Request body: {}
[18-Nov-2025 04:38:15 Europe/Berlin] JWT Auth - Token received: YES
[18-Nov-2025 04:38:15 Europe/Berlin] JWT Auth - Token validated successfully for user_id: 0
[18-Nov-2025 04:38:15 Europe/Berlin] Cart.php - Authenticated user_id: 0
[18-Nov-2025 04:38:15 Europe/Berlin] Cart.php - Action: list
[18-Nov-2025 04:38:15 Europe/Berlin] Cart.php - Data: []
[18-Nov-2025 04:38:15 Europe/Berlin] Cart.php - Request received: POST
[18-Nov-2025 04:38:15 Europe/Berlin] Cart.php - Request body: {}
[18-Nov-2025 04:38:15 Europe/Berlin] JWT Auth - Token received: YES
[18-Nov-2025 04:38:15 Europe/Berlin] JWT Auth - Token validated successfully for user_id: 0
[18-Nov-2025 04:38:15 Europe/Berlin] Cart.php - Authenticated user_id: 0
[18-Nov-2025 04:38:15 Europe/Berlin] Cart.php - Action: list
[18-Nov-2025 04:38:15 Europe/Berlin] Cart.php - Data: []
[18-Nov-2025 04:39:33 Europe/Berlin] Cart.php - Request received: POST
[18-Nov-2025 04:39:33 Europe/Berlin] Cart.php - Request body: {}
[18-Nov-2025 04:39:33 Europe/Berlin] JWT Auth - Token received: YES
[18-Nov-2025 04:39:33 Europe/Berlin] JWT Auth - Token validated successfully for user_id: 0
[18-Nov-2025 04:39:33 Europe/Berlin] Cart.php - Authenticated user_id: 0
[18-Nov-2025 04:39:33 Europe/Berlin] Cart.php - Action: list
[18-Nov-2025 04:39:33 Europe/Berlin] Cart.php - Data: []
[18-Nov-2025 04:39:33 Europe/Berlin] Cart.php - Request received: POST
[18-Nov-2025 04:39:33 Europe/Berlin] Cart.php - Request body: {}
[18-Nov-2025 04:39:33 Europe/Berlin] JWT Auth - Token received: YES
[18-Nov-2025 04:39:33 Europe/Berlin] JWT Auth - Token validated successfully for user_id: 0
[18-Nov-2025 04:39:33 Europe/Berlin] Cart.php - Authenticated user_id: 0
[18-Nov-2025 04:39:33 Europe/Berlin] Cart.php - Action: list
[18-Nov-2025 04:39:33 Europe/Berlin] Cart.php - Data: []
[18-Nov-2025 04:45:14 Europe/Berlin] Cart.php - Request received: POST
[18-Nov-2025 04:45:14 Europe/Berlin] Cart.php - Request body: {}
[18-Nov-2025 04:45:14 Europe/Berlin] JWT Auth - Token received: YES
[18-Nov-2025 04:45:14 Europe/Berlin] JWT Auth - Token validated successfully for user_id: 0
[18-Nov-2025 04:45:14 Europe/Berlin] Cart.php - Authenticated user_id: 0
[18-Nov-2025 04:45:14 Europe/Berlin] Cart.php - Action: list
[18-Nov-2025 04:45:14 Europe/Berlin] Cart.php - Data: []
[18-Nov-2025 04:45:14 Europe/Berlin] Cart.php - Request received: POST
[18-Nov-2025 04:45:14 Europe/Berlin] Cart.php - Request body: {}
[18-Nov-2025 04:45:14 Europe/Berlin] JWT Auth - Token received: YES
[18-Nov-2025 04:45:14 Europe/Berlin] JWT Auth - Token validated successfully for user_id: 0
[18-Nov-2025 04:45:14 Europe/Berlin] Cart.php - Authenticated user_id: 0
[18-Nov-2025 04:45:14 Europe/Berlin] Cart.php - Action: list
[18-Nov-2025 04:45:14 Europe/Berlin] Cart.php - Data: []
[18-Nov-2025 04:46:27 Europe/Berlin] Cart.php - Request received: POST
[18-Nov-2025 04:46:27 Europe/Berlin] Cart.php - Request body: {}
[18-Nov-2025 04:46:27 Europe/Berlin] JWT Auth - Token received: YES
[18-Nov-2025 04:46:27 Europe/Berlin] JWT Auth - Token validated successfully for user_id: 0
[18-Nov-2025 04:46:27 Europe/Berlin] Cart.php - Authenticated user_id: 0
[18-Nov-2025 04:46:27 Europe/Berlin] Cart.php - Action: list
[18-Nov-2025 04:46:27 Europe/Berlin] Cart.php - Data: []
[18-Nov-2025 04:46:27 Europe/Berlin] Cart.php - Request received: POST
[18-Nov-2025 04:46:27 Europe/Berlin] Cart.php - Request body: {}
[18-Nov-2025 04:46:27 Europe/Berlin] JWT Auth - Token received: YES
[18-Nov-2025 04:46:27 Europe/Berlin] JWT Auth - Token validated successfully for user_id: 0
[18-Nov-2025 04:46:27 Europe/Berlin] Cart.php - Authenticated user_id: 0
[18-Nov-2025 04:46:27 Europe/Berlin] Cart.php - Action: list
[18-Nov-2025 04:46:27 Europe/Berlin] Cart.php - Data: []
